<?xml version="1.0" encoding="UTF-8" ?>
<testsuite tests="23" failures="0" name="com.gojek.test.ParkingServiceTest" time="0.131" errors="0" skipped="0">
  <properties>
[...]
</properties>
  <testcase classname="com.gojek.test.ParkingServiceTest" name="parkCarWithMultipleConcurrentRequestAndParkingCapacity" time="0.055"/>
  <testcase classname="com.gojek.test.ParkingServiceTest" name="createParkingLot" time="0.001"/>
  <testcase classname="com.gojek.test.ParkingServiceTest" name="getSlotNoForGivenColour" time="0.009"/>
  <testcase classname="com.gojek.test.ParkingServiceTest" name="statusOfParkingLot" time="0.007"/>
  <testcase classname="com.gojek.test.ParkingServiceTest" name="getRegistrationNoForGivenCarColour" time="0.004"/>
  <testcase classname="com.gojek.test.ParkingServiceTest" name="getRegistrationNoForGivenColorWhichIsNotValid" time="0.003"/>
  <testcase classname="com.gojek.test.ParkingServiceTest" name="getSlotNoForGivenRegistrationNo" time="0.004"/>
  <testcase classname="com.gojek.test.ParkingServiceTest" name="unParkWithWrongSlotNo" time="0.003"/>
  <testcase classname="com.gojek.test.ParkingServiceTest" name="unPark" time="0.006"/>
  <testcase classname="com.gojek.test.ParkingServiceTest" name="parkCar" time="0"/>
  <testcase classname="com.gojek.test.ParkingServiceTest" name="getRegistrationNoForGivenCarColourWhenParkingIsEmpty" time="0.001"/>
  <testcase classname="com.gojek.test.ParkingServiceTest" name="parkCarOnNearestSlot" time="0.004"/>
  <testcase classname="com.gojek.test.ParkingServiceTest" name="unParkWhenSlotIsAlreadyVaccated" time="0.002"/>
  <testcase classname="com.gojek.test.ParkingServiceTest" name="parkCarsWithSameRegistationNoAndColor" time="0.004"/>
  <testcase classname="com.gojek.test.ParkingServiceTest" name="getSlotNoForGivenColourWhenParkingIsEmpty" time="0.004"/>
  <testcase classname="com.gojek.test.ParkingServiceTest" name="getSlotNoForGivenRegistrationNoWhichDoesNotExist" time="0.004"/>
  <testcase classname="com.gojek.test.ParkingServiceTest" name="parkCarMultipleFloor" time="0.002"/>
  <testcase classname="com.gojek.test.ParkingServiceTest" name="parkCarWhenParkingIsFull" time="0.001"/>
  <testcase classname="com.gojek.test.ParkingServiceTest" name="statusOfEmptyParkingLot" time="0.002"/>
  <testcase classname="com.gojek.test.ParkingServiceTest" name="getSlotNotForGivenInvalidColor" time="0.006"/>
  <testcase classname="com.gojek.test.ParkingServiceTest" name="parkCarsWithSameRegistationNoAndDifferentColor" time="0.002"/>
  <testcase classname="com.gojek.test.ParkingServiceTest" name="parkSameCarTwice" time="0.002"/>
  <testcase classname="com.gojek.test.ParkingServiceTest" name="parkCarWithMultipleConcurrentRequest" time="0.005"/>
</testsuite>