<?xml version="1.0" encoding="UTF-8" ?>
<testsuite tests="13" failures="0" name="com.gojek.test.RequestHandlerTest" time="0.059" errors="0" skipped="0">
  <properties>
[...]
</properties>
  <testcase classname="com.gojek.test.RequestHandlerTest" name="leaveCarWithInvalidCommand1" time="0.014"/>
  <testcase classname="com.gojek.test.RequestHandlerTest" name="leaveCarWithInvalidCommand2" time="0.003"/>
  <testcase classname="com.gojek.test.RequestHandlerTest" name="parkCarWithInvalidCommand" time="0.003"/>
  <testcase classname="com.gojek.test.RequestHandlerTest" name="slotNOsForCarWihColourWithInValidCommand" time="0.001"/>
  <testcase classname="com.gojek.test.RequestHandlerTest" name="leaveCarWithValidCommand" time="0.003"/>
  <testcase classname="com.gojek.test.RequestHandlerTest" name="parkCarWithValidCommand" time="0.003"/>
  <testcase classname="com.gojek.test.RequestHandlerTest" name="slotNOsForRegistrationNoWithInValidCommand" time="0.007"/>
  <testcase classname="com.gojek.test.RequestHandlerTest" name="createParkingLotWithValidCommand" time="0.003"/>
  <testcase classname="com.gojek.test.RequestHandlerTest" name="slotNOsForRegistrationNoWithValidCommand" time="0.005"/>
  <testcase classname="com.gojek.test.RequestHandlerTest" name="slotNOsForCarWihColourWithValidCommand" time="0.01"/>
  <testcase classname="com.gojek.test.RequestHandlerTest" name="createParkingLotWithInvalidCommand" time="0.001"/>
  <testcase classname="com.gojek.test.RequestHandlerTest" name="registrationNOsForCarWithColorWithInValidCommand" time="0.004"/>
  <testcase classname="com.gojek.test.RequestHandlerTest" name="registrationNOsForCarWithColorWithValidCommand" time="0.002"/>
</testsuite>